[2025-10-15 22:15:09] [INFO] [NodoWorker]: ✓ Pyro5 instalado
[2025-10-15 22:15:09] [INFO] [NodoWorker]: ✓ Pillow instalado
[2025-10-15 22:15:09] [INFO] [NodoWorker]: ✓ ProcesadorImagenesImpl disponible
[2025-10-15 22:15:09] [INFO] [NodoWorker]: Nodo worker01 inicializado con capacidad: 10
[2025-10-15 22:15:09] [INFO] [NodoWorker]: Configurando daemon Pyro5 en localhost...
[2025-10-15 22:15:09] [INFO] [NodoWorker]: Conectando con NameServer...
[2025-10-15 22:15:17] [INFO] [NodoWorker]: ✓ Pyro5 instalado
[2025-10-15 22:15:17] [INFO] [NodoWorker]: ✓ Pillow instalado
[2025-10-15 22:15:17] [INFO] [NodoWorker]: ✓ ProcesadorImagenesImpl disponible
[2025-10-15 22:15:17] [INFO] [NodoWorker]: Nodo worker02 inicializado con capacidad: 10
[2025-10-15 22:15:17] [INFO] [NodoWorker]: Configurando daemon Pyro5 en localhost...
[2025-10-15 22:15:17] [INFO] [NodoWorker]: Conectando con NameServer...
[2025-10-15 22:24:11] [INFO] [NodoWorker]: ✓ Pyro5 instalado
[2025-10-15 22:24:11] [INFO] [NodoWorker]: ✓ Pillow instalado
[2025-10-15 22:24:11] [INFO] [NodoWorker]: ✓ ProcesadorImagenesImpl disponible
[2025-10-15 22:24:11] [INFO] [NodoWorker]: Nodo worker01 inicializado con capacidad: 10
[2025-10-15 22:24:11] [INFO] [NodoWorker]: Configurando daemon Pyro5 en localhost...
[2025-10-15 22:24:11] [INFO] [NodoWorker]: Conectando con NameServer...
[2025-10-15 23:19:43] [INFO] [NodoWorker]: ✓ Pyro5 instalado
[2025-10-15 23:19:43] [INFO] [NodoWorker]: ✓ Pillow instalado
[2025-10-15 23:19:43] [INFO] [NodoWorker]: ✓ ProcesadorImagenesImpl disponible
[2025-10-15 23:19:43] [INFO] [NodoWorker]: Nodo worker01 inicializado con capacidad: 10
[2025-10-15 23:19:43] [INFO] [NodoWorker]: Configurando daemon Pyro5 en localhost...
[2025-10-15 23:19:43] [INFO] [NodoWorker]: Conectando con NameServer...
