[2025-10-16 00:00:06] [INFO] [NodoWorker]: ✓ Pyro5 instalado
[2025-10-16 00:00:06] [INFO] [NodoWorker]: ✓ Pillow instalado
[2025-10-16 00:00:06] [INFO] [NodoWorker]: ✓ ProcesadorImagenesImpl disponible
[2025-10-16 00:00:06] [INFO] [NodoWorker]: Nodo worker01 inicializado con capacidad: 10
[2025-10-16 00:00:06] [INFO] [NodoWorker]: Configurando daemon Pyro5 en localhost...
[2025-10-16 00:00:06] [INFO] [NodoWorker]: Conectando con NameServer...
[2025-10-16 00:00:15] [INFO] [NodoWorker]: ✓ Pyro5 instalado
[2025-10-16 00:00:15] [INFO] [NodoWorker]: ✓ Pillow instalado
[2025-10-16 00:00:15] [INFO] [NodoWorker]: ✓ ProcesadorImagenesImpl disponible
[2025-10-16 00:00:15] [INFO] [NodoWorker]: Nodo worker02 inicializado con capacidad: 10
[2025-10-16 00:00:15] [INFO] [NodoWorker]: Configurando daemon Pyro5 en localhost...
[2025-10-16 00:00:15] [INFO] [NodoWorker]: Conectando con NameServer...
[2025-10-16 00:00:33] [INFO] [NodoWorker]: ✓ Pyro5 instalado
[2025-10-16 00:00:33] [INFO] [NodoWorker]: ✓ Pillow instalado
[2025-10-16 00:00:33] [INFO] [NodoWorker]: ✓ ProcesadorImagenesImpl disponible
[2025-10-16 00:00:33] [INFO] [NodoWorker]: Nodo worker03 inicializado con capacidad: 10
[2025-10-16 00:00:33] [INFO] [NodoWorker]: Configurando daemon Pyro5 en localhost...
[2025-10-16 00:00:33] [INFO] [NodoWorker]: Conectando con NameServer...
[2025-10-16 01:20:33] [INFO] [NodoWorker]: Señal SIGINT recibida. Shutdown ordenado...
[2025-10-16 01:20:33] [INFO] [NodoWorker]: Nodo worker01 iniciando detención...
[2025-10-16 01:20:40] [INFO] [NodoWorker]: ✓ Pyro5 instalado
[2025-10-16 01:20:40] [INFO] [NodoWorker]: ✓ Pillow instalado
[2025-10-16 01:20:40] [INFO] [NodoWorker]: ✓ ProcesadorImagenesImpl disponible
[2025-10-16 01:20:40] [INFO] [NodoWorker]: Nodo worker01 inicializado con capacidad: 10
[2025-10-16 01:20:40] [INFO] [NodoWorker]: Configurando daemon Pyro5 en localhost...
[2025-10-16 01:20:40] [INFO] [NodoWorker]: Conectando con NameServer...
[2025-10-16 01:20:47] [INFO] [NodoWorker]: Señal SIGINT recibida. Shutdown ordenado...
[2025-10-16 01:20:47] [INFO] [NodoWorker]: Nodo worker02 iniciando detención...
[2025-10-16 01:20:55] [INFO] [NodoWorker]: ✓ Pyro5 instalado
[2025-10-16 01:20:55] [INFO] [NodoWorker]: ✓ Pillow instalado
[2025-10-16 01:20:55] [INFO] [NodoWorker]: ✓ ProcesadorImagenesImpl disponible
[2025-10-16 01:20:55] [INFO] [NodoWorker]: Nodo worker02 inicializado con capacidad: 10
[2025-10-16 01:20:55] [INFO] [NodoWorker]: Configurando daemon Pyro5 en localhost...
[2025-10-16 01:20:55] [INFO] [NodoWorker]: Conectando con NameServer...
[2025-10-16 01:33:01] [INFO] [NodoWorker]: [worker01] Procesando trabajo: img_115 - Archivo: 20251016_013254_0ed60311_âZoro.jpg, Transformaciones: 4
[2025-10-16 01:33:01] [INFO] [NodoWorker]: [worker02] Procesando trabajo: img_116 - Archivo: 20251016_013254_29405592_3.jpg, Transformaciones: 4
[2025-10-16 01:33:02] [INFO] [NodoWorker]: [worker02] ✓ Trabajo img_116 completado - 4 transformaciones en 0.94s
[2025-10-16 01:33:02] [INFO] [NodoWorker]: [worker01] ✓ Trabajo img_115 completado - 4 transformaciones en 1.51s
[2025-10-16 01:35:06] [INFO] [NodoWorker]: [worker01] Procesando trabajo: img_119 - Archivo: 20251016_013500_091a396a_âZoro.jpg, Transformaciones: 4
[2025-10-16 01:35:07] [INFO] [NodoWorker]: [worker02] Procesando trabajo: img_120 - Archivo: 20251016_013500_f55844f2_3.jpg, Transformaciones: 4
[2025-10-16 01:35:08] [INFO] [NodoWorker]: [worker02] ✓ Trabajo img_120 completado - 4 transformaciones en 1.91s
[2025-10-16 01:35:09] [INFO] [NodoWorker]: [worker01] ✓ Trabajo img_119 completado - 4 transformaciones en 2.39s
[2025-10-16 01:36:26] [INFO] [NodoWorker]: Señal SIGINT recibida. Shutdown ordenado...
[2025-10-16 01:36:26] [INFO] [NodoWorker]: Nodo worker01 iniciando detención...
[2025-10-16 01:36:44] [INFO] [NodoWorker]: Señal SIGINT recibida. Shutdown ordenado...
[2025-10-16 01:36:44] [INFO] [NodoWorker]: Nodo worker02 iniciando detención...
